<?xml version="1.0" encoding="UTF-8"?>
<coverage generated="1762758770978" clover="3.2.0">
  <project timestamp="1762758770978" name="All files">
    <metrics statements="68" coveredstatements="64" conditionals="10" coveredconditionals="9" methods="40" coveredmethods="37" elements="118" coveredelements="110" complexity="0" loc="68" ncloc="68" packages="4" files="10" classes="10"/>
    <package name="src">
      <metrics statements="8" coveredstatements="5" conditionals="0" coveredconditionals="0" methods="4" coveredmethods="1"/>
      <file name="index.ts" path="C:\Users\R3C0\Documents\GitHub\AUY1102-Pipeline\src\index.ts">
        <metrics statements="8" coveredstatements="5" conditionals="0" coveredconditionals="0" methods="4" coveredmethods="1"/>
        <line num="1" count="6" type="stmt"/>
        <line num="3" count="6" type="stmt"/>
        <line num="4" count="6" type="stmt"/>
        <line num="7" count="6" type="stmt"/>
        <line num="8" count="0" type="stmt"/>
        <line num="9" count="0" type="stmt"/>
        <line num="10" count="0" type="stmt"/>
        <line num="13" count="6" type="stmt"/>
      </file>
    </package>
    <package name="src.quality">
      <metrics statements="21" coveredstatements="21" conditionals="0" coveredconditionals="0" methods="13" coveredmethods="13"/>
      <file name="errores-object.ts" path="C:\Users\R3C0\Documents\GitHub\AUY1102-Pipeline\src\quality\errores-object.ts">
        <metrics statements="3" coveredstatements="3" conditionals="0" coveredconditionals="0" methods="5" coveredmethods="5"/>
        <line num="4" count="1" type="stmt"/>
        <line num="5" count="1" type="stmt"/>
        <line num="11" count="2" type="stmt"/>
      </file>
      <file name="insecure-1-object.ts" path="C:\Users\R3C0\Documents\GitHub\AUY1102-Pipeline\src\quality\insecure-1-object.ts">
        <metrics statements="9" coveredstatements="9" conditionals="0" coveredconditionals="0" methods="0" coveredmethods="0"/>
        <line num="4" count="1" type="stmt"/>
        <line num="5" count="1" type="stmt"/>
        <line num="6" count="1" type="stmt"/>
        <line num="8" count="1" type="stmt"/>
        <line num="10" count="1" type="stmt"/>
        <line num="11" count="1" type="stmt"/>
        <line num="14" count="2" type="stmt"/>
        <line num="15" count="2" type="stmt"/>
        <line num="43" count="2" type="stmt"/>
      </file>
      <file name="insecure-2-object.ts" path="C:\Users\R3C0\Documents\GitHub\AUY1102-Pipeline\src\quality\insecure-2-object.ts">
        <metrics statements="9" coveredstatements="9" conditionals="0" coveredconditionals="0" methods="8" coveredmethods="8"/>
        <line num="3" count="1" type="stmt"/>
        <line num="4" count="1" type="stmt"/>
        <line num="7" count="2" type="stmt"/>
        <line num="8" count="1" type="stmt"/>
        <line num="24" count="1" type="stmt"/>
        <line num="26" count="2" type="stmt"/>
        <line num="36" count="1" type="stmt"/>
        <line num="37" count="2" type="stmt"/>
        <line num="41" count="1" type="stmt"/>
      </file>
    </package>
    <package name="src.value-object">
      <metrics statements="1" coveredstatements="1" conditionals="0" coveredconditionals="0" methods="0" coveredmethods="0"/>
      <file name="index.ts" path="C:\Users\R3C0\Documents\GitHub\AUY1102-Pipeline\src\value-object\index.ts">
        <metrics statements="1" coveredstatements="1" conditionals="0" coveredconditionals="0" methods="0" coveredmethods="0"/>
        <line num="1" count="6" type="stmt"/>
      </file>
    </package>
    <package name="src.value-object.primitives">
      <metrics statements="38" coveredstatements="37" conditionals="10" coveredconditionals="9" methods="23" coveredmethods="23"/>
      <file name="date-value-object.ts" path="C:\Users\R3C0\Documents\GitHub\AUY1102-Pipeline\src\value-object\primitives\date-value-object.ts">
        <metrics statements="15" coveredstatements="15" conditionals="3" coveredconditionals="3" methods="7" coveredmethods="7"/>
        <line num="3" count="7" type="stmt"/>
        <line num="5" count="1" type="stmt"/>
        <line num="9" count="3" type="stmt"/>
        <line num="10" count="3" type="stmt"/>
        <line num="11" count="2" type="stmt"/>
        <line num="17" count="19" type="cond" truecount="1" falsecount="0"/>
        <line num="18" count="4" type="stmt"/>
        <line num="23" count="10" type="stmt"/>
        <line num="27" count="3" type="stmt"/>
        <line num="28" count="3" type="stmt"/>
        <line num="29" count="2" type="cond" truecount="2" falsecount="0"/>
        <line num="33" count="5" type="stmt"/>
        <line num="34" count="4" type="stmt"/>
        <line num="38" count="5" type="stmt"/>
        <line num="39" count="4" type="stmt"/>
      </file>
      <file name="enum-value-object.ts" path="C:\Users\R3C0\Documents\GitHub\AUY1102-Pipeline\src\value-object\primitives\enum-value-object.ts">
        <metrics statements="6" coveredstatements="5" conditionals="1" coveredconditionals="0" methods="3" coveredmethods="3"/>
        <line num="1" count="1" type="stmt"/>
        <line num="4" count="1" type="stmt"/>
        <line num="5" count="1" type="stmt"/>
        <line num="6" count="1" type="stmt"/>
        <line num="10" count="1" type="cond" truecount="0" falsecount="1"/>
        <line num="11" count="0" type="stmt"/>
      </file>
      <file name="index.ts" path="C:\Users\R3C0\Documents\GitHub\AUY1102-Pipeline\src\value-object\primitives\index.ts">
        <metrics statements="4" coveredstatements="4" conditionals="0" coveredconditionals="0" methods="0" coveredmethods="0"/>
        <line num="1" count="6" type="stmt"/>
        <line num="2" count="6" type="stmt"/>
        <line num="3" count="6" type="stmt"/>
        <line num="4" count="6" type="stmt"/>
      </file>
      <file name="number-value-object.ts" path="C:\Users\R3C0\Documents\GitHub\AUY1102-Pipeline\src\value-object\primitives\number-value-object.ts">
        <metrics statements="5" coveredstatements="5" conditionals="0" coveredconditionals="0" methods="5" coveredmethods="5"/>
        <line num="1" count="3" type="stmt"/>
        <line num="5" count="12" type="stmt"/>
        <line num="9" count="2" type="stmt"/>
        <line num="13" count="2" type="stmt"/>
        <line num="17" count="2" type="stmt"/>
      </file>
      <file name="string-value-object.ts" path="C:\Users\R3C0\Documents\GitHub\AUY1102-Pipeline\src\value-object\primitives\string-value-object.ts">
        <metrics statements="8" coveredstatements="8" conditionals="6" coveredconditionals="6" methods="8" coveredmethods="8"/>
        <line num="1" count="13" type="stmt"/>
        <line num="5" count="14" type="stmt"/>
        <line num="9" count="2" type="stmt"/>
        <line num="13" count="2" type="stmt"/>
        <line num="17" count="2" type="stmt"/>
        <line num="21" count="2" type="cond" truecount="2" falsecount="0"/>
        <line num="25" count="2" type="cond" truecount="2" falsecount="0"/>
        <line num="29" count="1" type="stmt"/>
      </file>
    </package>
  </project>
</coverage>
