{"C:\\Users\\R3C0\\Documents\\GitHub\\AUY1102-Pipeline\\src\\index.ts": {"path":"C:\\Users\\R3C0\\Documents\\GitHub\\AUY1102-Pipeline\\src\\index.ts","statementMap":{"0":{"start":{"line":1,"column":14},"end":{"line":1,"column":null}},"1":{"start":{"line":3,"column":15},"end":{"line":3,"column":40}},"2":{"start":{"line":4,"column":20},"end":{"line":4,"column":60}},"3":{"start":{"line":7,"column":4},"end":{"line":10,"column":56}},"4":{"start":{"line":8,"column":26},"end":{"line":8,"column":41}},"5":{"start":{"line":9,"column":22},"end":{"line":9,"column":39}},"6":{"start":{"line":10,"column":24},"end":{"line":10,"column":54}},"7":{"start":{"line":13,"column":0},"end":{"line":13,"column":12}}},"fnMap":{"0":{"name":"fetchData","decl":{"start":{"line":6,"column":9},"end":{"line":6,"column":18}},"loc":{"start":{"line":6,"column":21},"end":{"line":11,"column":1}}},"1":{"name":"(anonymous_4)","decl":{"start":{"line":8,"column":14},"end":{"line":8,"column":22}},"loc":{"start":{"line":8,"column":26},"end":{"line":8,"column":41}}},"2":{"name":"(anonymous_5)","decl":{"start":{"line":9,"column":14},"end":{"line":9,"column":18}},"loc":{"start":{"line":9,"column":22},"end":{"line":9,"column":39}}},"3":{"name":"(anonymous_6)","decl":{"start":{"line":10,"column":15},"end":{"line":10,"column":20}},"loc":{"start":{"line":10,"column":24},"end":{"line":10,"column":54}}}},"branchMap":{},"s":{"0":6,"1":6,"2":6,"3":6,"4":0,"5":0,"6":0,"7":6},"f":{"0":6,"1":0,"2":0,"3":0},"b":{}}
,"C:\\Users\\R3C0\\Documents\\GitHub\\AUY1102-Pipeline\\src\\quality\\errores-object.ts": {"path":"C:\\Users\\R3C0\\Documents\\GitHub\\AUY1102-Pipeline\\src\\quality\\errores-object.ts","statementMap":{"0":{"start":{"line":4,"column":13},"end":{"line":4,"column":18}},"1":{"start":{"line":5,"column":13},"end":{"line":5,"column":27}},"2":{"start":{"line":11,"column":13},"end":{"line":11,"column":24}},"3":{"start":{"line":4,"column":21},"end":{"line":4,"column":23}},"4":{"start":{"line":5,"column":30},"end":{"line":5,"column":39}}},"fnMap":{"0":{"name":"(anonymous_1)","decl":{"start":{"line":4,"column":18},"end":{"line":4,"column":21}},"loc":{"start":{"line":4,"column":13},"end":{"line":4,"column":18}}},"1":{"name":"(anonymous_2)","decl":{"start":{"line":5,"column":27},"end":{"line":5,"column":30}},"loc":{"start":{"line":5,"column":13},"end":{"line":5,"column":27}}},"2":{"name":"(anonymous_3)","decl":{"start":{"line":11,"column":24},"end":{"line":11,"column":null}},"loc":{"start":{"line":11,"column":13},"end":{"line":11,"column":24}}},"3":{"name":"(anonymous_4)","decl":{"start":{"line":12,"column":2},"end":{"line":12,"column":13}},"loc":{"start":{"line":12,"column":16},"end":{"line":12,"column":null}}},"4":{"name":"(anonymous_5)","decl":{"start":{"line":14,"column":2},"end":{"line":14,"column":11}},"loc":{"start":{"line":14,"column":14},"end":{"line":14,"column":null}}}},"branchMap":{},"s":{"0":1,"1":1,"2":2,"3":1,"4":1},"f":{"0":1,"1":1,"2":2,"3":1,"4":1},"b":{}}
,"C:\\Users\\R3C0\\Documents\\GitHub\\AUY1102-Pipeline\\src\\quality\\insecure-1-object.ts": {"path":"C:\\Users\\R3C0\\Documents\\GitHub\\AUY1102-Pipeline\\src\\quality\\insecure-1-object.ts","statementMap":{"0":{"start":{"line":4,"column":16},"end":{"line":4,"column":34}},"1":{"start":{"line":5,"column":19},"end":{"line":5,"column":41}},"2":{"start":{"line":6,"column":12},"end":{"line":6,"column":26}},"3":{"start":{"line":8,"column":12},"end":{"line":8,"column":21}},"4":{"start":{"line":10,"column":0},"end":{"line":10,"column":51}},"5":{"start":{"line":11,"column":0},"end":{"line":11,"column":27}},"6":{"start":{"line":14,"column":16},"end":{"line":14,"column":33}},"7":{"start":{"line":15,"column":19},"end":{"line":35,"column":66}},"8":{"start":{"line":43,"column":17},"end":{"line":43,"column":null}}},"fnMap":{},"branchMap":{},"s":{"0":1,"1":1,"2":1,"3":1,"4":1,"5":1,"6":2,"7":2,"8":2},"f":{},"b":{}}
,"C:\\Users\\R3C0\\Documents\\GitHub\\AUY1102-Pipeline\\src\\quality\\insecure-2-object.ts": {"path":"C:\\Users\\R3C0\\Documents\\GitHub\\AUY1102-Pipeline\\src\\quality\\insecure-2-object.ts","statementMap":{"0":{"start":{"line":3,"column":13},"end":{"line":3,"column":21}},"1":{"start":{"line":4,"column":13},"end":{"line":4,"column":24}},"2":{"start":{"line":7,"column":13},"end":{"line":7,"column":22}},"3":{"start":{"line":8,"column":13},"end":{"line":8,"column":17}},"4":{"start":{"line":24,"column":13},"end":{"line":24,"column":23}},"5":{"start":{"line":26,"column":13},"end":{"line":26,"column":19}},"6":{"start":{"line":36,"column":16},"end":{"line":36,"column":32}},"7":{"start":{"line":3,"column":24},"end":{"line":3,"column":54}},"8":{"start":{"line":4,"column":27},"end":{"line":4,"column":77}},"9":{"start":{"line":7,"column":25},"end":{"line":7,"column":57}},"10":{"start":{"line":8,"column":20},"end":{"line":8,"column":45}},"11":{"start":{"line":24,"column":26},"end":{"line":24,"column":39}},"12":{"start":{"line":26,"column":22},"end":{"line":30,"column":1}},"13":{"start":{"line":37,"column":2},"end":{"line":37,"column":65}},"14":{"start":{"line":41,"column":0},"end":{"line":41,"column":19}}},"fnMap":{"0":{"name":"(anonymous_1)","decl":{"start":{"line":3,"column":21},"end":{"line":3,"column":24}},"loc":{"start":{"line":3,"column":13},"end":{"line":3,"column":21}}},"1":{"name":"(anonymous_2)","decl":{"start":{"line":4,"column":24},"end":{"line":4,"column":27}},"loc":{"start":{"line":4,"column":13},"end":{"line":4,"column":24}}},"2":{"name":"(anonymous_3)","decl":{"start":{"line":7,"column":22},"end":{"line":7,"column":25}},"loc":{"start":{"line":7,"column":13},"end":{"line":7,"column":22}}},"3":{"name":"(anonymous_4)","decl":{"start":{"line":8,"column":17},"end":{"line":8,"column":20}},"loc":{"start":{"line":8,"column":13},"end":{"line":8,"column":17}}},"4":{"name":"(anonymous_5)","decl":{"start":{"line":24,"column":23},"end":{"line":24,"column":26}},"loc":{"start":{"line":24,"column":13},"end":{"line":24,"column":23}}},"5":{"name":"(anonymous_6)","decl":{"start":{"line":26,"column":19},"end":{"line":26,"column":22}},"loc":{"start":{"line":26,"column":13},"end":{"line":26,"column":19}}},"6":{"name":"(anonymous_7)","decl":{"start":{"line":36,"column":32},"end":{"line":36,"column":35}},"loc":{"start":{"line":36,"column":16},"end":{"line":36,"column":32}}},"7":{"name":"logPasswordError","decl":{"start":{"line":36,"column":16},"end":{"line":36,"column":32}},"loc":{"start":{"line":36,"column":35},"end":{"line":38,"column":1}}}},"branchMap":{},"s":{"0":1,"1":1,"2":2,"3":1,"4":1,"5":2,"6":1,"7":1,"8":1,"9":1,"10":1,"11":1,"12":1,"13":2,"14":1},"f":{"0":1,"1":1,"2":2,"3":1,"4":1,"5":2,"6":1,"7":2},"b":{}}
,"C:\\Users\\R3C0\\Documents\\GitHub\\AUY1102-Pipeline\\src\\value-object\\index.ts": {"path":"C:\\Users\\R3C0\\Documents\\GitHub\\AUY1102-Pipeline\\src\\value-object\\index.ts","statementMap":{"0":{"start":{"line":1,"column":14},"end":{"line":1,"column":null}}},"fnMap":{},"branchMap":{},"s":{"0":6},"f":{},"b":{}}
,"C:\\Users\\R3C0\\Documents\\GitHub\\AUY1102-Pipeline\\src\\value-object\\primitives\\date-value-object.ts": {"path":"C:\\Users\\R3C0\\Documents\\GitHub\\AUY1102-Pipeline\\src\\value-object\\primitives\\date-value-object.ts","statementMap":{"0":{"start":{"line":5,"column":22},"end":{"line":5,"column":37}},"1":{"start":{"line":3,"column":34},"end":{"line":3,"column":null}},"2":{"start":{"line":17,"column":4},"end":{"line":19,"column":5}},"3":{"start":{"line":18,"column":6},"end":{"line":18,"column":42}},"4":{"start":{"line":23,"column":4},"end":{"line":23,"column":40}},"5":{"start":{"line":27,"column":4},"end":{"line":27,"column":37}},"6":{"start":{"line":28,"column":4},"end":{"line":28,"column":36}},"7":{"start":{"line":29,"column":4},"end":{"line":29,"column":78}},"8":{"start":{"line":33,"column":4},"end":{"line":33,"column":39}},"9":{"start":{"line":34,"column":4},"end":{"line":34,"column":49}},"10":{"start":{"line":38,"column":4},"end":{"line":38,"column":39}},"11":{"start":{"line":39,"column":4},"end":{"line":39,"column":49}},"12":{"start":{"line":9,"column":4},"end":{"line":9,"column":17}},"13":{"start":{"line":10,"column":4},"end":{"line":10,"column":33}},"14":{"start":{"line":11,"column":4},"end":{"line":11,"column":36}}},"fnMap":{"0":{"name":"(anonymous_0)","decl":{"start":{"line":5,"column":22},"end":{"line":5,"column":37}},"loc":{"start":{"line":5,"column":22},"end":{"line":5,"column":37}}},"1":{"name":"(anonymous_1)","decl":{"start":{"line":15,"column":10},"end":{"line":15,"column":26}},"loc":{"start":{"line":15,"column":47},"end":{"line":20,"column":null}}},"2":{"name":"(anonymous_2)","decl":{"start":{"line":22,"column":9},"end":{"line":22,"column":15}},"loc":{"start":{"line":22,"column":38},"end":{"line":24,"column":null}}},"3":{"name":"(anonymous_3)","decl":{"start":{"line":26,"column":9},"end":{"line":26,"column":26}},"loc":{"start":{"line":26,"column":73},"end":{"line":30,"column":null}}},"4":{"name":"(anonymous_4)","decl":{"start":{"line":32,"column":9},"end":{"line":32,"column":25}},"loc":{"start":{"line":32,"column":56},"end":{"line":35,"column":null}}},"5":{"name":"(anonymous_5)","decl":{"start":{"line":37,"column":9},"end":{"line":37,"column":24}},"loc":{"start":{"line":37,"column":55},"end":{"line":40,"column":null}}},"6":{"name":"(anonymous_6)","decl":{"start":{"line":8,"column":2},"end":{"line":8,"column":14}},"loc":{"start":{"line":8,"column":29},"end":{"line":12,"column":null}}}},"branchMap":{"0":{"loc":{"start":{"line":17,"column":4},"end":{"line":19,"column":5}},"type":"if","locations":[{"start":{"line":17,"column":4},"end":{"line":19,"column":5}}]},"1":{"loc":{"start":{"line":29,"column":11},"end":{"line":29,"column":77}},"type":"binary-expr","locations":[{"start":{"line":29,"column":11},"end":{"line":29,"column":42}},{"start":{"line":29,"column":46},"end":{"line":29,"column":77}}]}},"s":{"0":1,"1":7,"2":19,"3":4,"4":10,"5":3,"6":3,"7":2,"8":5,"9":4,"10":5,"11":4,"12":3,"13":3,"14":2},"f":{"0":1,"1":19,"2":10,"3":3,"4":5,"5":5,"6":3},"b":{"0":[4],"1":[2,2]}}
,"C:\\Users\\R3C0\\Documents\\GitHub\\AUY1102-Pipeline\\src\\value-object\\primitives\\enum-value-object.ts": {"path":"C:\\Users\\R3C0\\Documents\\GitHub\\AUY1102-Pipeline\\src\\value-object\\primitives\\enum-value-object.ts","statementMap":{"0":{"start":{"line":1,"column":22},"end":{"line":1,"column":37}},"1":{"start":{"line":10,"column":4},"end":{"line":12,"column":5}},"2":{"start":{"line":11,"column":6},"end":{"line":11,"column":44}},"3":{"start":{"line":4,"column":40},"end":{"line":4,"column":58}},"4":{"start":{"line":5,"column":4},"end":{"line":5,"column":23}},"5":{"start":{"line":6,"column":4},"end":{"line":6,"column":34}}},"fnMap":{"0":{"name":"(anonymous_0)","decl":{"start":{"line":1,"column":22},"end":{"line":1,"column":37}},"loc":{"start":{"line":1,"column":22},"end":{"line":1,"column":37}}},"1":{"name":"(anonymous_1)","decl":{"start":{"line":9,"column":9},"end":{"line":9,"column":26}},"loc":{"start":{"line":9,"column":43},"end":{"line":13,"column":null}}},"2":{"name":"(anonymous_2)","decl":{"start":{"line":4,"column":2},"end":{"line":4,"column":14}},"loc":{"start":{"line":4,"column":58},"end":{"line":7,"column":null}}}},"branchMap":{"0":{"loc":{"start":{"line":10,"column":4},"end":{"line":12,"column":5}},"type":"if","locations":[{"start":{"line":10,"column":4},"end":{"line":12,"column":5}}]}},"s":{"0":1,"1":1,"2":0,"3":1,"4":1,"5":1},"f":{"0":1,"1":1,"2":1},"b":{"0":[0]}}
,"C:\\Users\\R3C0\\Documents\\GitHub\\AUY1102-Pipeline\\src\\value-object\\primitives\\index.ts": {"path":"C:\\Users\\R3C0\\Documents\\GitHub\\AUY1102-Pipeline\\src\\value-object\\primitives\\index.ts","statementMap":{"0":{"start":{"line":1,"column":14},"end":{"line":1,"column":null}},"1":{"start":{"line":2,"column":14},"end":{"line":2,"column":null}},"2":{"start":{"line":3,"column":14},"end":{"line":3,"column":null}},"3":{"start":{"line":4,"column":14},"end":{"line":4,"column":null}}},"fnMap":{},"branchMap":{},"s":{"0":6,"1":6,"2":6,"3":6},"f":{},"b":{}}
,"C:\\Users\\R3C0\\Documents\\GitHub\\AUY1102-Pipeline\\src\\value-object\\primitives\\number-value-object.ts": {"path":"C:\\Users\\R3C0\\Documents\\GitHub\\AUY1102-Pipeline\\src\\value-object\\primitives\\number-value-object.ts","statementMap":{"0":{"start":{"line":1,"column":22},"end":{"line":1,"column":39}},"1":{"start":{"line":9,"column":4},"end":{"line":9,"column":44}},"2":{"start":{"line":13,"column":4},"end":{"line":13,"column":42}},"3":{"start":{"line":17,"column":4},"end":{"line":17,"column":42}},"4":{"start":{"line":5,"column":4},"end":{"line":5,"column":23}}},"fnMap":{"0":{"name":"(anonymous_0)","decl":{"start":{"line":1,"column":22},"end":{"line":1,"column":39}},"loc":{"start":{"line":1,"column":22},"end":{"line":1,"column":39}}},"1":{"name":"(anonymous_1)","decl":{"start":{"line":8,"column":2},"end":{"line":8,"column":10}},"loc":{"start":{"line":8,"column":52},"end":{"line":10,"column":null}}},"2":{"name":"(anonymous_2)","decl":{"start":{"line":12,"column":2},"end":{"line":12,"column":14}},"loc":{"start":{"line":12,"column":56},"end":{"line":14,"column":null}}},"3":{"name":"(anonymous_3)","decl":{"start":{"line":16,"column":2},"end":{"line":16,"column":15}},"loc":{"start":{"line":16,"column":57},"end":{"line":18,"column":null}}},"4":{"name":"(anonymous_4)","decl":{"start":{"line":4,"column":2},"end":{"line":4,"column":14}},"loc":{"start":{"line":4,"column":29},"end":{"line":6,"column":null}}}},"branchMap":{},"s":{"0":3,"1":2,"2":2,"3":2,"4":12},"f":{"0":3,"1":2,"2":2,"3":2,"4":12},"b":{}}
,"C:\\Users\\R3C0\\Documents\\GitHub\\AUY1102-Pipeline\\src\\value-object\\primitives\\string-value-object.ts": {"path":"C:\\Users\\R3C0\\Documents\\GitHub\\AUY1102-Pipeline\\src\\value-object\\primitives\\string-value-object.ts","statementMap":{"0":{"start":{"line":1,"column":22},"end":{"line":1,"column":39}},"1":{"start":{"line":9,"column":4},"end":{"line":9,"column":39}},"2":{"start":{"line":13,"column":4},"end":{"line":13,"column":23}},"3":{"start":{"line":17,"column":4},"end":{"line":17,"column":39}},"4":{"start":{"line":21,"column":4},"end":{"line":21,"column":53}},"5":{"start":{"line":25,"column":4},"end":{"line":25,"column":53}},"6":{"start":{"line":29,"column":4},"end":{"line":29,"column":22}},"7":{"start":{"line":5,"column":4},"end":{"line":5,"column":23}}},"fnMap":{"0":{"name":"(anonymous_0)","decl":{"start":{"line":1,"column":22},"end":{"line":1,"column":39}},"loc":{"start":{"line":1,"column":22},"end":{"line":1,"column":39}}},"1":{"name":"(anonymous_1)","decl":{"start":{"line":8,"column":2},"end":{"line":8,"column":10}},"loc":{"start":{"line":8,"column":42},"end":{"line":10,"column":null}}},"2":{"name":"(anonymous_2)","decl":{"start":{"line":12,"column":2},"end":{"line":12,"column":9}},"loc":{"start":{"line":12,"column":21},"end":{"line":14,"column":null}}},"3":{"name":"(anonymous_3)","decl":{"start":{"line":16,"column":2},"end":{"line":16,"column":13}},"loc":{"start":{"line":16,"column":45},"end":{"line":18,"column":null}}},"4":{"name":"(anonymous_4)","decl":{"start":{"line":20,"column":2},"end":{"line":20,"column":22}},"loc":{"start":{"line":20,"column":45},"end":{"line":22,"column":null}}},"5":{"name":"(anonymous_5)","decl":{"start":{"line":24,"column":2},"end":{"line":24,"column":22}},"loc":{"start":{"line":24,"column":44},"end":{"line":26,"column":null}}},"6":{"name":"(anonymous_6)","decl":{"start":{"line":28,"column":2},"end":{"line":28,"column":10}},"loc":{"start":{"line":28,"column":21},"end":{"line":30,"column":null}}},"7":{"name":"(anonymous_7)","decl":{"start":{"line":4,"column":2},"end":{"line":4,"column":14}},"loc":{"start":{"line":4,"column":29},"end":{"line":6,"column":null}}}},"branchMap":{"0":{"loc":{"start":{"line":20,"column":23},"end":{"line":20,"column":34}},"type":"default-arg","locations":[{"start":{"line":20,"column":32},"end":{"line":20,"column":34}}]},"1":{"loc":{"start":{"line":21,"column":11},"end":{"line":21,"column":52}},"type":"cond-expr","locations":[{"start":{"line":21,"column":40},"end":{"line":21,"column":44}},{"start":{"line":21,"column":47},"end":{"line":21,"column":52}}]},"2":{"loc":{"start":{"line":24,"column":23},"end":{"line":24,"column":33}},"type":"default-arg","locations":[{"start":{"line":24,"column":32},"end":{"line":24,"column":33}}]},"3":{"loc":{"start":{"line":25,"column":11},"end":{"line":25,"column":52}},"type":"cond-expr","locations":[{"start":{"line":25,"column":40},"end":{"line":25,"column":44}},{"start":{"line":25,"column":47},"end":{"line":25,"column":52}}]}},"s":{"0":13,"1":2,"2":2,"3":2,"4":2,"5":2,"6":1,"7":14},"f":{"0":13,"1":2,"2":2,"3":2,"4":2,"5":2,"6":1,"7":14},"b":{"0":[1],"1":[1,1],"2":[1],"3":[1,1]}}
}
