TN:
SF:src\index.ts
FN:6,fetchData
FN:8,(anonymous_4)
FN:9,(anonymous_5)
FN:10,(anonymous_6)
FNF:4
FNH:1
FNDA:6,fetchData
FNDA:0,(anonymous_4)
FNDA:0,(anonymous_5)
FNDA:0,(anonymous_6)
DA:1,6
DA:3,6
DA:4,6
DA:7,6
DA:8,0
DA:9,0
DA:10,0
DA:13,6
LF:8
LH:5
BRF:0
BRH:0
end_of_record
TN:
SF:src\quality\errores-object.ts
FN:4,(anonymous_1)
FN:5,(anonymous_2)
FN:11,(anonymous_3)
FN:12,(anonymous_4)
FN:14,(anonymous_5)
FNF:5
FNH:5
FNDA:1,(anonymous_1)
FNDA:1,(anonymous_2)
FNDA:2,(anonymous_3)
FNDA:1,(anonymous_4)
FNDA:1,(anonymous_5)
DA:4,1
DA:5,1
DA:11,2
LF:3
LH:3
BRF:0
BRH:0
end_of_record
TN:
SF:src\quality\insecure-1-object.ts
FNF:0
FNH:0
DA:4,1
DA:5,1
DA:6,1
DA:8,1
DA:10,1
DA:11,1
DA:14,2
DA:15,2
DA:43,2
LF:9
LH:9
BRF:0
BRH:0
end_of_record
TN:
SF:src\quality\insecure-2-object.ts
FN:3,(anonymous_1)
FN:4,(anonymous_2)
FN:7,(anonymous_3)
FN:8,(anonymous_4)
FN:24,(anonymous_5)
FN:26,(anonymous_6)
FN:36,(anonymous_7)
FN:36,logPasswordError
FNF:8
FNH:8
FNDA:1,(anonymous_1)
FNDA:1,(anonymous_2)
FNDA:2,(anonymous_3)
FNDA:1,(anonymous_4)
FNDA:1,(anonymous_5)
FNDA:2,(anonymous_6)
FNDA:1,(anonymous_7)
FNDA:2,logPasswordError
DA:3,1
DA:4,1
DA:7,2
DA:8,1
DA:24,1
DA:26,2
DA:36,1
DA:37,2
DA:41,1
LF:9
LH:9
BRF:0
BRH:0
end_of_record
TN:
SF:src\value-object\index.ts
FNF:0
FNH:0
DA:1,6
LF:1
LH:1
BRF:0
BRH:0
end_of_record
TN:
SF:src\value-object\primitives\date-value-object.ts
FN:5,(anonymous_0)
FN:15,(anonymous_1)
FN:22,(anonymous_2)
FN:26,(anonymous_3)
FN:32,(anonymous_4)
FN:37,(anonymous_5)
FN:8,(anonymous_6)
FNF:7
FNH:7
FNDA:1,(anonymous_0)
FNDA:19,(anonymous_1)
FNDA:10,(anonymous_2)
FNDA:3,(anonymous_3)
FNDA:5,(anonymous_4)
FNDA:5,(anonymous_5)
FNDA:3,(anonymous_6)
DA:3,7
DA:5,1
DA:9,3
DA:10,3
DA:11,2
DA:17,19
DA:18,4
DA:23,10
DA:27,3
DA:28,3
DA:29,2
DA:33,5
DA:34,4
DA:38,5
DA:39,4
LF:15
LH:15
BRDA:17,0,0,4
BRDA:29,1,0,2
BRDA:29,1,1,2
BRF:3
BRH:3
end_of_record
TN:
SF:src\value-object\primitives\enum-value-object.ts
FN:1,(anonymous_0)
FN:9,(anonymous_1)
FN:4,(anonymous_2)
FNF:3
FNH:3
FNDA:1,(anonymous_0)
FNDA:1,(anonymous_1)
FNDA:1,(anonymous_2)
DA:1,1
DA:4,1
DA:5,1
DA:6,1
DA:10,1
DA:11,0
LF:6
LH:5
BRDA:10,0,0,0
BRF:1
BRH:0
end_of_record
TN:
SF:src\value-object\primitives\index.ts
FNF:0
FNH:0
DA:1,6
DA:2,6
DA:3,6
DA:4,6
LF:4
LH:4
BRF:0
BRH:0
end_of_record
TN:
SF:src\value-object\primitives\number-value-object.ts
FN:1,(anonymous_0)
FN:8,(anonymous_1)
FN:12,(anonymous_2)
FN:16,(anonymous_3)
FN:4,(anonymous_4)
FNF:5
FNH:5
FNDA:3,(anonymous_0)
FNDA:2,(anonymous_1)
FNDA:2,(anonymous_2)
FNDA:2,(anonymous_3)
FNDA:12,(anonymous_4)
DA:1,3
DA:5,12
DA:9,2
DA:13,2
DA:17,2
LF:5
LH:5
BRF:0
BRH:0
end_of_record
TN:
SF:src\value-object\primitives\string-value-object.ts
FN:1,(anonymous_0)
FN:8,(anonymous_1)
FN:12,(anonymous_2)
FN:16,(anonymous_3)
FN:20,(anonymous_4)
FN:24,(anonymous_5)
FN:28,(anonymous_6)
FN:4,(anonymous_7)
FNF:8
FNH:8
FNDA:13,(anonymous_0)
FNDA:2,(anonymous_1)
FNDA:2,(anonymous_2)
FNDA:2,(anonymous_3)
FNDA:2,(anonymous_4)
FNDA:2,(anonymous_5)
FNDA:1,(anonymous_6)
FNDA:14,(anonymous_7)
DA:1,13
DA:5,14
DA:9,2
DA:13,2
DA:17,2
DA:21,2
DA:25,2
DA:29,1
LF:8
LH:8
BRDA:20,0,0,1
BRDA:21,1,0,1
BRDA:21,1,1,1
BRDA:24,2,0,1
BRDA:25,3,0,1
BRDA:25,3,1,1
BRF:6
BRH:6
end_of_record
